{"level":"fatal","msg":"Failed to connect to database:dial tcp 127.0.0.1:3306: connect: connection refused","time":"2025-09-21T01:52:08.084+07:00"}
{"level":"fatal","msg":"Failed to connect to database:dial tcp 127.0.0.1:3306: connect: connection refused","time":"2025-09-21T02:11:14.449+07:00"}
{"level":"fatal","msg":"Failed to connect to database:dial tcp 127.0.0.1:3306: connect: connection refused","time":"2025-09-21T02:26:19.050+07:00"}
{"level":"fatal","msg":"Failed to initialize MinIO service:failed to ensure bucket exists: failed to check bucket existence: Head \"http://localhost:9000/files/\": dial tcp 127.0.0.1:9000: connect: connection refused","time":"2025-09-21T12:22:34.383+07:00"}
{"bucket":"files","level":"info","msg":"MinIO bucket created","time":"2025-09-21T12:23:23.248+07:00"}
{"level":"info","msg":"Starting server on port: 8080","time":"2025-09-21T12:23:23.248+07:00"}
{"level":"info","method":"GET","msg":"HTTP Request","path":"/","request_id":"7dd3e12e-5992-4284-8c3e-62fec609ff4f","response_time":"4.291µs","status_code":404,"time":"2025-09-21T12:23:39.280+07:00"}
{"level":"info","method":"GET","msg":"HTTP Request","path":"/favicon.ico","request_id":"f6ca3def-38ef-4825-b1a5-0db944ac10db","response_time":"1.25µs","status_code":404,"time":"2025-09-21T12:23:39.428+07:00"}
{"level":"info","method":"GET","msg":"HTTP Request","path":"/docs/openapi.json","request_id":"4b480d20-a5b0-4110-9d7f-1679e7e39609","response_time":"10.6655ms","status_code":200,"time":"2025-09-21T12:23:47.113+07:00"}
{"level":"info","method":"GET","msg":"HTTP Request","path":"/docs","request_id":"029e7dc4-3516-45ff-959b-b816ae37f33f","response_time":"16.550208ms","status_code":200,"time":"2025-09-21T12:23:47.115+07:00"}
{"level":"info","method":"GET","msg":"HTTP Request","path":"/api/v1/health","request_id":"a2ca8494-7bca-425c-885f-f4aa12172410","response_time":"2.75µs","status_code":404,"time":"2025-09-21T12:23:54.110+07:00"}
{"level":"info","method":"GET","msg":"HTTP Request","path":"/api/v1/metrics","request_id":"623eab2e-db90-4475-bce5-b694cbbfb992","response_time":"2.875µs","status_code":404,"time":"2025-09-21T12:23:59.695+07:00"}
{"level":"info","method":"GET","msg":"HTTP Request","path":"/api/v1/metrics","request_id":"b20253d6-0a4a-4940-a65c-ac9eff08b263","response_time":"1.458µs","status_code":404,"time":"2025-09-21T12:24:00.553+07:00"}
{"level":"info","method":"GET","msg":"HTTP Request","path":"/api/v1/metrics","request_id":"a15aaca3-9441-4d6a-8b52-1657773e9a01","response_time":"2.5µs","status_code":404,"time":"2025-09-21T12:24:00.755+07:00"}
{"level":"info","method":"GET","msg":"HTTP Request","path":"/api/v1/metrics","request_id":"97c0cfba-61c3-4157-9ace-4073e982d9cd","response_time":"2µs","status_code":404,"time":"2025-09-21T12:24:00.952+07:00"}
{"level":"info","method":"GET","msg":"HTTP Request","path":"/api/v1/metrics","request_id":"1bbbd9b6-123a-416b-8315-77afdece81a5","response_time":"1.25µs","status_code":404,"time":"2025-09-21T12:24:01.138+07:00"}
{"level":"info","method":"POST","msg":"HTTP Request","path":"/api/v1/files/upload","request_id":"25a0cd7a-8803-4c3c-9461-0968e101a9c2","response_time":"376.25µs","status_code":401,"time":"2025-09-21T12:24:05.805+07:00"}
{"level":"info","method":"GET","msg":"HTTP Request","path":"/api/v1/profile","request_id":"4be1dc83-b35a-4605-bd5c-601d27a71be0","response_time":"2.667µs","status_code":404,"time":"2025-09-21T12:24:12.042+07:00"}
{"level":"info","method":"GET","msg":"HTTP Request","path":"/docs/openapi.json","request_id":"d5e75c53-c8c0-44b9-8217-fdd9e35b1809","response_time":"6.815ms","status_code":200,"time":"2025-09-21T12:25:38.503+07:00"}
{"level":"info","method":"GET","msg":"HTTP Request","path":"/docs","request_id":"d660a34e-71b3-4db4-85b0-871e9fcb5798","response_time":"15.558292ms","status_code":200,"time":"2025-09-21T12:25:38.506+07:00"}
{"level":"info","method":"GET","msg":"HTTP Request","path":"/docs/openapi.json","request_id":"75efb3a7-00f4-4ba5-bb3b-40a45b689653","response_time":"104.417µs","status_code":200,"time":"2025-09-21T12:25:38.933+07:00"}
{"level":"info","method":"GET","msg":"HTTP Request","path":"/docs","request_id":"54b09e7c-8c0f-45a8-80d6-a623a1ec7237","response_time":"710.125µs","status_code":200,"time":"2025-09-21T12:25:38.933+07:00"}
{"level":"info","method":"GET","msg":"HTTP Request","path":"/docs/openapi.json","request_id":"d6d122e7-d229-4d62-80a3-d0fac710976c","response_time":"208.417µs","status_code":200,"time":"2025-09-21T12:25:40.714+07:00"}
{"level":"info","method":"GET","msg":"HTTP Request","path":"/docs","request_id":"5a777bfc-6cfc-495c-811d-b029280ecceb","response_time":"2.288917ms","status_code":200,"time":"2025-09-21T12:25:40.716+07:00"}
{"level":"info","msg":"Shutting down server...","time":"2025-09-21T12:25:49.530+07:00"}
{"level":"info","msg":"Server exited","time":"2025-09-21T12:25:49.531+07:00"}
{"level":"info","msg":"Starting server on port: 8080","time":"2025-09-21T12:25:51.086+07:00"}
{"level":"info","method":"GET","msg":"HTTP Request","path":"/docs/openapi.json","request_id":"777dfc36-ddd3-444e-a83f-2c6d5e9c13ee","response_time":"10.438042ms","status_code":200,"time":"2025-09-21T12:26:03.585+07:00"}
{"level":"info","method":"GET","msg":"HTTP Request","path":"/docs","request_id":"bb0fe0c1-eafd-45c9-a8c0-bf9f67a7c2bf","response_time":"15.331584ms","status_code":200,"time":"2025-09-21T12:26:03.588+07:00"}
{"level":"info","method":"GET","msg":"HTTP Request","path":"/docs/openapi.json","request_id":"8777370f-714e-4d9f-85f7-d192c9e95a51","response_time":"191.75µs","status_code":200,"time":"2025-09-21T12:26:08.603+07:00"}
{"level":"info","method":"GET","msg":"HTTP Request","path":"/docs","request_id":"b9c9614c-9d3d-4438-b43d-c70a80de4347","response_time":"1.895709ms","status_code":200,"time":"2025-09-21T12:26:08.604+07:00"}
{"level":"info","method":"GET","msg":"HTTP Request","path":"/.well-known/appspecific/com.chrome.devtools.json","request_id":"275c629f-a4f6-4241-8ec7-2c9fffc66b4b","response_time":"1.375µs","status_code":404,"time":"2025-09-21T12:26:12.224+07:00"}
{"level":"info","method":"GET","msg":"HTTP Request","path":"/docs/openapi.json","request_id":"4bfb3350-442d-441a-84d7-ffc9b10ed8e3","response_time":"176.709µs","status_code":200,"time":"2025-09-21T12:26:14.505+07:00"}
{"level":"info","method":"GET","msg":"HTTP Request","path":"/docs","request_id":"aba16ec5-4393-4361-9bc7-5ddf321288b7","response_time":"848.25µs","status_code":200,"time":"2025-09-21T12:26:14.505+07:00"}
{"level":"info","method":"GET","msg":"HTTP Request","path":"/.well-known/appspecific/com.chrome.devtools.json","request_id":"0f1249ea-8993-4991-97e9-c580d8a8dbf4","response_time":"2.25µs","status_code":404,"time":"2025-09-21T12:26:14.519+07:00"}
{"level":"info","method":"GET","msg":"HTTP Request","path":"/docs/openapi.json","request_id":"116d8bb4-9020-40e1-859f-e2a6f51cb85e","response_time":"962.25µs","status_code":200,"time":"2025-09-21T12:26:31.424+07:00"}
{"level":"info","method":"GET","msg":"HTTP Request","path":"/docs","request_id":"6ba2c62d-e990-4008-9d26-e4916dfad701","response_time":"17.067ms","status_code":200,"time":"2025-09-21T12:26:31.438+07:00"}
{"level":"info","method":"GET","msg":"HTTP Request","path":"/.well-known/appspecific/com.chrome.devtools.json","request_id":"e65aaf51-4ea6-4c6d-8a3c-e889066d0a40","response_time":"2.417µs","status_code":404,"time":"2025-09-21T12:26:31.472+07:00"}
{"level":"info","method":"GET","msg":"HTTP Request","path":"/docs/openapi.json","request_id":"44938518-3668-4de0-8f28-ff15e029d8be","response_time":"108.375µs","status_code":200,"time":"2025-09-21T12:26:32.386+07:00"}
{"level":"info","method":"GET","msg":"HTTP Request","path":"/docs","request_id":"240c2f49-e838-40bf-a2cf-8d97f8a8ea08","response_time":"560.417µs","status_code":200,"time":"2025-09-21T12:26:32.386+07:00"}
{"level":"info","method":"GET","msg":"HTTP Request","path":"/.well-known/appspecific/com.chrome.devtools.json","request_id":"3be9b2ff-b138-4e19-9f1e-590cea5b8b29","response_time":"1.334µs","status_code":404,"time":"2025-09-21T12:26:32.402+07:00"}
{"level":"info","msg":"Shutting down server...","time":"2025-09-21T12:27:21.696+07:00"}
{"level":"info","msg":"Server exited","time":"2025-09-21T12:27:21.697+07:00"}
{"level":"info","msg":"Starting server on port: 8080","time":"2025-09-21T12:27:22.864+07:00"}
{"level":"info","method":"GET","msg":"HTTP Request","path":"/docs/openapi.json","request_id":"09a15773-39ce-4a23-9114-5077a27feb42","response_time":"4.415292ms","status_code":200,"time":"2025-09-21T12:27:26.383+07:00"}
{"level":"info","method":"GET","msg":"HTTP Request","path":"/docs","request_id":"81fac920-a13c-4a42-be92-5d5736afb582","response_time":"11.167959ms","status_code":200,"time":"2025-09-21T12:27:26.384+07:00"}
{"level":"info","method":"GET","msg":"HTTP Request","path":"/.well-known/appspecific/com.chrome.devtools.json","request_id":"d0987490-b963-426d-8be3-3fb6a6deb78d","response_time":"1.125µs","status_code":404,"time":"2025-09-21T12:27:26.414+07:00"}
{"level":"info","method":"GET","msg":"HTTP Request","path":"/docs/openapi.json","request_id":"7fd5a89a-b39a-4643-845b-0252636834c7","response_time":"169.292µs","status_code":200,"time":"2025-09-21T12:27:27.576+07:00"}
{"level":"info","method":"GET","msg":"HTTP Request","path":"/docs","request_id":"4a0d4f98-b9c1-4780-b2a2-96ef831609dd","response_time":"1.587417ms","status_code":200,"time":"2025-09-21T12:27:27.577+07:00"}
{"level":"info","method":"GET","msg":"HTTP Request","path":"/.well-known/appspecific/com.chrome.devtools.json","request_id":"36f7f6e0-bb0a-4568-8a6f-c5147efde685","response_time":"1.417µs","status_code":404,"time":"2025-09-21T12:27:27.591+07:00"}
{"level":"info","msg":"Shutting down server...","time":"2025-09-21T12:29:41.225+07:00"}
{"level":"info","msg":"Server exited","time":"2025-09-21T12:29:41.226+07:00"}
{"level":"info","msg":"Starting server on port: 8080","time":"2025-09-21T18:49:53.563+07:00"}
{"level":"info","msg":"Shutting down server...","time":"2025-09-21T18:50:36.645+07:00"}
{"level":"info","msg":"Server exited","time":"2025-09-21T18:50:36.647+07:00"}
{"level":"info","msg":"Starting server on port: 8080","time":"2025-09-21T18:54:07.380+07:00"}
{"level":"info","method":"GET","msg":"HTTP Request","path":"/docs/openapi.json","request_id":"d7a71d97-0e53-472c-9f4b-fc1d795eaf0a","response_time":"22.076875ms","status_code":200,"time":"2025-09-21T18:54:09.820+07:00"}
{"level":"info","method":"GET","msg":"HTTP Request","path":"/docs","request_id":"a07b8449-2d41-4ddd-91f3-1646a9d0a2c5","response_time":"47.525584ms","status_code":200,"time":"2025-09-21T18:54:09.821+07:00"}
{"level":"info","method":"GET","msg":"HTTP Request","path":"/docs/openapi.json","request_id":"7a76fc4f-a7a9-499f-9691-d65b5db0febe","response_time":"366.167µs","status_code":200,"time":"2025-09-21T18:54:11.770+07:00"}
{"level":"info","method":"GET","msg":"HTTP Request","path":"/docs","request_id":"de5f6262-4583-471b-b364-ae8233c32713","response_time":"1.50625ms","status_code":200,"time":"2025-09-21T18:54:11.771+07:00"}
{"level":"info","method":"GET","msg":"HTTP Request","path":"/.well-known/appspecific/com.chrome.devtools.json","request_id":"81371fcd-9509-44fb-b4b6-6dcc9e906c37","response_time":"1.084µs","status_code":404,"time":"2025-09-21T18:54:11.814+07:00"}
{"level":"info","method":"GET","msg":"HTTP Request","path":"/docs/openapi.json","request_id":"c4396f7f-7961-4588-ac56-5c61d9c31a81","response_time":"3.461667ms","status_code":200,"time":"2025-09-21T18:56:27.041+07:00"}
{"level":"info","method":"GET","msg":"HTTP Request","path":"/docs","request_id":"5cbd9eb0-ce5d-4159-8e88-eeb73fa78877","response_time":"13.405584ms","status_code":200,"time":"2025-09-21T18:56:27.042+07:00"}
{"level":"info","method":"GET","msg":"HTTP Request","path":"/.well-known/appspecific/com.chrome.devtools.json","request_id":"e3b7e2af-b2d4-40c3-b723-fc7b91f9aa88","response_time":"17.584µs","status_code":404,"time":"2025-09-21T18:56:27.056+07:00"}
{"level":"info","msg":"Shutting down server...","time":"2025-09-21T19:12:00.492+07:00"}
{"level":"info","msg":"Server exited","time":"2025-09-21T19:12:00.499+07:00"}
{"level":"fatal","msg":"Failed to connect to database:Error 1049 (42000): Unknown database 'storage-service'","time":"2025-09-21T23:36:11.017+07:00"}
{"level":"fatal","msg":"Failed to connect to database:Error 1049 (42000): Unknown database 'storage-service'","time":"2025-09-22T00:04:00.387+07:00"}
{"level":"fatal","msg":"Failed to connect to database:Error 1049 (42000): Unknown database 'storage-service'","time":"2025-09-22T00:15:58.318+07:00"}
{"level":"fatal","msg":"Failed to connect to database:Error 1045 (28000): Access denied for user 'root'@'192.168.65.1' (using password: YES)","time":"2025-09-22T00:17:19.317+07:00"}
{"level":"fatal","msg":"Failed to connect to database:Error 1045 (28000): Access denied for user 'root'@'192.168.65.1' (using password: YES)","time":"2025-09-22T00:18:09.648+07:00"}
{"level":"fatal","msg":"Failed to connect to database:Error 1045 (28000): Access denied for user 'root'@'192.168.65.1' (using password: YES)","time":"2025-09-22T00:18:37.901+07:00"}
{"level":"fatal","msg":"Failed to connect to database:Error 1045 (28000): Access denied for user 'root'@'192.168.65.1' (using password: YES)","time":"2025-09-22T00:19:00.197+07:00"}
{"level":"fatal","msg":"Failed to connect to database:Error 1045 (28000): Access denied for user 'root'@'192.168.65.1' (using password: YES)","time":"2025-09-22T00:21:03.165+07:00"}
{"level":"fatal","msg":"Failed to connect to database:Error 1044 (42000): Access denied for user 'apiuser'@'%' to database 'storage_service'","time":"2025-09-22T00:29:43.890+07:00"}
{"level":"fatal","msg":"Failed to connect to database:Error 1060 (42S21): Duplicate column name 'id'","time":"2025-09-22T00:30:23.600+07:00"}
{"level":"info","msg":"Starting server on port: 8080","time":"2025-09-22T00:31:08.703+07:00"}
{"level":"info","method":"GET","msg":"HTTP Request","path":"/docs/openapi.json","request_id":"775cff28-bff6-40d5-90e9-28d555fece6c","response_time":"10.698875ms","status_code":200,"time":"2025-09-22T00:31:23.490+07:00"}
{"level":"info","method":"GET","msg":"HTTP Request","path":"/docs","request_id":"cb2af45b-bc28-44c3-a347-7532c945bae0","response_time":"13.008125ms","status_code":200,"time":"2025-09-22T00:31:23.491+07:00"}
{"level":"info","method":"GET","msg":"HTTP Request","path":"/.well-known/appspecific/com.chrome.devtools.json","request_id":"52e17e99-117d-4825-bbd6-b44a4315fda2","response_time":"1.333µs","status_code":404,"time":"2025-09-22T00:31:23.527+07:00"}
{"level":"info","method":"GET","msg":"HTTP Request","path":"/docs/openapi.json","request_id":"03e53fc1-59b6-4dbf-b15a-958105622c6f","response_time":"4.001375ms","status_code":200,"time":"2025-09-22T00:32:08.417+07:00"}
{"level":"info","method":"GET","msg":"HTTP Request","path":"/docs","request_id":"ea382dd7-c150-4a2e-ab20-7a8537271aec","response_time":"10.887125ms","status_code":200,"time":"2025-09-22T00:32:08.424+07:00"}
{"level":"info","method":"GET","msg":"HTTP Request","path":"/.well-known/appspecific/com.chrome.devtools.json","request_id":"870f5ea2-c6b6-45f1-98da-f9419c789331","response_time":"1.458µs","status_code":404,"time":"2025-09-22T00:32:08.444+07:00"}
{"error":"missing kid in token header","level":"warning","msg":"JWT validation failed","time":"2025-09-22T00:32:24.653+07:00"}
{"level":"info","method":"POST","msg":"HTTP Request","path":"/api/v1/files/upload","request_id":"ee3c4835-915d-429e-a85b-438fe857d4bb","response_time":"4.486375ms","status_code":401,"time":"2025-09-22T00:32:24.657+07:00"}
{"level":"info","msg":"Shutting down server...","time":"2025-09-22T00:34:07.277+07:00"}
{"level":"info","msg":"Server exited","time":"2025-09-22T00:34:07.281+07:00"}
{"level":"info","msg":"Starting server on port: 8080","time":"2025-09-22T00:41:26.524+07:00"}
{"error":"missing kid in token header","level":"warning","msg":"JWT validation failed","time":"2025-09-22T00:42:31.737+07:00"}
{"level":"info","method":"POST","msg":"HTTP Request","path":"/api/v1/files/upload","request_id":"13c103c1-55c5-4326-a649-3622fd563930","response_time":"4.834125ms","status_code":401,"time":"2025-09-22T00:42:31.741+07:00"}
{"error":"missing kid in token header","level":"warning","msg":"JWT validation failed","time":"2025-09-22T00:43:13.438+07:00"}
{"level":"info","method":"POST","msg":"HTTP Request","path":"/api/v1/files/upload","request_id":"39b67be8-1edd-49ca-ad80-c84425cdaa04","response_time":"18.481449s","status_code":401,"time":"2025-09-22T00:43:20.986+07:00"}
{"error":"missing kid in token header","level":"warning","msg":"JWT validation failed","time":"2025-09-22T00:44:11.251+07:00"}
{"level":"info","method":"POST","msg":"HTTP Request","path":"/api/v1/files/upload","request_id":"1d16d677-23d0-4340-88fb-3c08ae159416","response_time":"47.25466175s","status_code":401,"time":"2025-09-22T00:44:11.256+07:00"}
{"level":"info","msg":"Shutting down server...","time":"2025-09-22T00:44:51.065+07:00"}
{"level":"info","msg":"Server exited","time":"2025-09-22T00:44:51.069+07:00"}
{"level":"info","msg":"Starting server on port: 8080","time":"2025-09-22T00:49:08.744+07:00"}
{"error":"failed to get public key: key is not an RSA public key","level":"warning","msg":"JWT validation failed","time":"2025-09-22T00:49:28.711+07:00"}
{"level":"info","method":"POST","msg":"HTTP Request","path":"/api/v1/files/upload","request_id":"37ee00b0-e091-4b06-ab31-4506e78d6ff0","response_time":"17.188272292s","status_code":401,"time":"2025-09-22T00:49:28.711+07:00"}
{"level":"info","msg":"Shutting down server...","time":"2025-09-22T00:49:47.566+07:00"}
{"level":"info","msg":"Server exited","time":"2025-09-22T00:49:47.566+07:00"}
{"level":"info","msg":"Starting server on port: 8080","time":"2025-09-22T23:59:11.588+07:00"}
{"error":"failed to get public key: key is not an RSA public key","level":"warning","msg":"JWT validation failed","time":"2025-09-23T00:01:15.831+07:00"}
{"level":"info","msg":"Shutting down server...","time":"2025-09-23T00:01:15.834+07:00"}
{"level":"info","method":"POST","msg":"HTTP Request","path":"/api/v1/files/upload","request_id":"1c90ea50-aeaa-4adc-ba56-2738d719070c","response_time":"1m20.166202667s","status_code":401,"time":"2025-09-23T00:01:15.838+07:00"}
{"level":"info","msg":"Server exited","time":"2025-09-23T00:01:15.839+07:00"}
{"level":"info","msg":"Starting server on port: 8080","time":"2025-09-23T00:06:10.213+07:00"}
{"level":"info","msg":"Shutting down server...","time":"2025-09-23T00:07:52.723+07:00"}
{"error":"failed to get public key: key is not an RSA public key","level":"warning","msg":"JWT validation failed","time":"2025-09-23T00:07:52.723+07:00"}
{"level":"info","method":"POST","msg":"HTTP Request","path":"/api/v1/files/upload","request_id":"151fb083-aa96-41c7-9c63-35d3847be2ad","response_time":"1m22.401352708s","status_code":401,"time":"2025-09-23T00:07:52.731+07:00"}
{"level":"info","msg":"Server exited","time":"2025-09-23T00:07:52.734+07:00"}
{"level":"info","msg":"Starting server on port: 8080","time":"2025-09-23T00:10:32.362+07:00"}
{"issuer":"UserManagerServices","level":"debug","msg":"JWT validated successfully","time":"2025-09-23T00:11:24.827+07:00","user_id":"aaaaaaaa-aaaa-aaaa-aaaa-aaaaaaaaaaaa"}
{"issuer":"UserManagerServices","level":"info","method":"POST","msg":"HTTP Request","path":"/api/v1/files/upload","request_id":"74feda5c-6e8f-4f91-a07c-76256081a3c7","response_time":"46.79009275s","status_code":401,"time":"2025-09-23T00:11:27.116+07:00","user_id":"aaaaaaaa-aaaa-aaaa-aaaa-aaaaaaaaaaaa"}
{"issuer":"UserManagerServices","level":"debug","msg":"JWT validated successfully","time":"2025-09-23T00:12:36.664+07:00","user_id":"aaaaaaaa-aaaa-aaaa-aaaa-aaaaaaaaaaaa"}
{"issuer":"UserManagerServices","level":"info","method":"POST","msg":"HTTP Request","path":"/api/v1/files/upload","request_id":"f6ec9d69-ba07-4b82-9012-2dd666a00d7b","response_time":"35.363657375s","status_code":401,"time":"2025-09-23T00:13:06.474+07:00","user_id":"aaaaaaaa-aaaa-aaaa-aaaa-aaaaaaaaaaaa"}
{"level":"info","msg":"Shutting down server...","time":"2025-09-23T00:14:26.125+07:00"}
{"level":"info","msg":"Server exited","time":"2025-09-23T00:14:26.129+07:00"}
{"level":"info","msg":"Starting server on port: 8080","time":"2025-09-23T00:14:30.146+07:00"}
{"issuer":"UserManagerServices","level":"debug","msg":"JWT validated successfully","time":"2025-09-23T00:14:51.848+07:00","user_id":"aaaaaaaa-aaaa-aaaa-aaaa-aaaaaaaaaaaa"}
{"bucket":"files","etag":"a6745b43734f09741cbb234886ab7486","level":"info","msg":"File uploaded successfully to MinIO","object_name":"users/aaaaaaaa-aaaa-aaaa-aaaa-aaaaaaaaaaaa/Screenshot_2025-09-21_at_21.38.23_20250923001502.png","size":17737,"time":"2025-09-23T00:15:07.988+07:00"}
{"file_id":"e16caf14-cfd6-4da4-9e20-345a15f663b0","file_size":17737,"filename":"Screenshot 2025-09-21 at 21.38.23.png","level":"info","msg":"File uploaded successfully","time":"2025-09-23T00:15:23.444+07:00","user_id":"aaaaaaaa-aaaa-aaaa-aaaa-aaaaaaaaaaaa"}
{"issuer":"UserManagerServices","level":"info","method":"POST","msg":"HTTP Request","path":"/api/v1/files/upload","request_id":"09e94f78-70dd-4e86-a4bc-477b7879ded2","response_time":"40.294539s","status_code":201,"time":"2025-09-23T00:15:25.268+07:00","user_id":"aaaaaaaa-aaaa-aaaa-aaaa-aaaaaaaaaaaa"}
{"level":"info","msg":"Shutting down server...","time":"2025-09-23T00:15:38.199+07:00"}
{"level":"info","msg":"Server exited","time":"2025-09-23T00:15:38.199+07:00"}
